Tue May 09 10:38:39 CEST 2017 : Apache Derby Network Server - 10.10.2.0 - (1582446) started and ready to accept connections on port 1527
----------------------------------------------------------------
Tue May 09 10:38:39 CEST 2017:
Booting Derby version The Apache Software Foundation - Apache Derby - 10.10.2.0 - (1582446): instance a816c00e-015b-ec5c-1517-ffff99672ca8 
on database directory /Users/F4briK/Desktop/Test/testdb/WebApplication1/web/WEB-INF/db/ammdb with class loader sun.misc.Launcher$AppClassLoader@66d3c617 
Loaded from file:/Applications/NetBeans/glassfish-4.1.1/javadb/lib/derby.jar
java.vendor=Oracle Corporation
java.runtime.version=1.8.0_121-b13
user.dir=/Applications/NetBeans/glassfish-4.1.1/javadb
os.name=Mac OS X
os.arch=x86_64
os.version=10.12.3
derby.system.home=/Users/F4briK/Desktop/Test/testdb/WebApplication1/web/WEB-INF/db
Database Class Loader started - derby.database.classpath=''
----------------------------------------------------------------
Tue May 09 10:38:41 CEST 2017:
Shutting down instance a816c00e-015b-ec5c-1517-ffff99672ca8 on database directory /Users/F4briK/Desktop/Test/testdb/WebApplication1/web/WEB-INF/db/ammdb with class loader sun.misc.Launcher$AppClassLoader@66d3c617 
Tue May 09 10:38:41 CEST 2017 Thread[DRDAConnThread_3,5,main] (DATABASE = ammdb), (DRDAID = {2}), Database 'ammdb' shutdown.
----------------------------------------------------------------
Tue May 09 10:39:41 CEST 2017:
Booting Derby version The Apache Software Foundation - Apache Derby - 10.10.2.0 - (1582446): instance 560740aa-015b-ec5c-1517-ffff99672ca8 
on database directory /Users/F4briK/Desktop/Test/testdb/WebApplication1/web/WEB-INF/db/ammdb with class loader sun.misc.Launcher$AppClassLoader@66d3c617 
Loaded from file:/Applications/NetBeans/glassfish-4.1.1/javadb/lib/derby.jar
java.vendor=Oracle Corporation
java.runtime.version=1.8.0_121-b13
user.dir=/Applications/NetBeans/glassfish-4.1.1/javadb
os.name=Mac OS X
os.arch=x86_64
os.version=10.12.3
derby.system.home=/Users/F4briK/Desktop/Test/testdb/WebApplication1/web/WEB-INF/db
Database Class Loader started - derby.database.classpath=''
